<html>
<body>
<pre>
<h1>Vision Build Log</h1>
<h2>Project:</h2>
G:\01  NTFS  文件盘     (82371个文件)  51(GB) 0(GB)\2016比赛\stm32\omni_navigation - 2016_10_5\Project\STM32F4.uvproj
Project File Date:  10/14/2016

<h2>Output:</h2>
Build target 'STM32F4'
compiling main.c...
..\User\USART3.h(53): warning:  #1295-D: Deprecated declaration send_odm_msg - give arg types
..\Mylib\Shoot.h(43): warning:  #1-D: last line of file ends without a newline
..\Mylib\Load_motor.h(19): warning:  #1-D: last line of file ends without a newline
..\User\main.h(21): warning:  #231-D: declaration is not visible outside of function
compiling USART3.c...
..\User\USART3.h(53): warning:  #1295-D: Deprecated declaration send_odm_msg - give arg types
..\User\USART3.c(177): error:  #20: identifier "roll" is undefined
..\User\USART3.c(180): error:  #20: identifier "pitch" is undefined
..\User\USART3.c(214): error:  #20: identifier "ACC_AVG" is undefined
..\User\USART3.c(220): error:  #20: identifier "GYRO_LAST" is undefined
..\User\USART3.c(226): error:  #20: identifier "Yaw_Out" is undefined
..\User\USART3.c(254): error:  #20: identifier "YAW_IN_PID" is undefined
..\User\USART3.c(263): error:  #20: identifier "YAW_OUT_PID" is undefined
..\User\USART3.c(272): error:  #20: identifier "PITCH_IN_PID" is undefined
..\User\USART3.c(333): error:  #20: identifier "RxState" is undefined
..\User\USART3.c(336): error:  #20: identifier "RxBuffer" is undefined
..\User\USART3.c(341): error:  #20: identifier "RxBuffer" is undefined
..\User\USART3.c(346): error:  #20: identifier "RxBuffer" is undefined
..\User\USART3.c(351): error:  #20: identifier "RxBuffer" is undefined
..\User\USART3.c(358): error:  #20: identifier "RxBuffer" is undefined
..\User\USART3.c(365): error:  #20: identifier "RxBuffer" is undefined
..\User\USART3.c(366): warning:  #223-D: function "Data_Receive_Anl" declared implicitly
..\User\USART3.c(373): error:  #159: declaration is incompatible with previous "Data_Receive_Anl" (declared at line 366)
..\User\USART3.c(386): error:  #20: identifier "Send_PID1" is undefined
..\User\USART3.c(387): error:  #20: identifier "Send_PID3" is undefined
..\User\USART3.c(392): error:  #20: identifier "YAW_IN_PID" is undefined
..\User\USART3.c(395): error:  #20: identifier "YAW_OUT_PID" is undefined
..\User\USART3.c(398): error:  #20: identifier "PITCH_IN_PID" is undefined
..\User\USART3.c(401): warning:  #223-D: function "Data_Send_Check" declared implicitly
..\User\USART3.c(405): error:  #20: identifier "PITCH_OUT_PID" is undefined
..\User\USART3.c(408): warning:  #223-D: function "Data_Send_Check" declared implicitly
..\User\USART3.c(413): error:  #20: identifier "Send_Status" is undefined
..\User\USART3.c(413): error:  #20: identifier "Send_Sensor" is undefined
..\User\USART3.c(421): error:  #20: identifier "Send_PID1" is undefined
..\User\USART3.c(427): error:  #20: identifier "Send_PID3" is undefined
..\User\USART3.c(430): warning:  #223-D: function "Data_Send_PID3" declared implicitly
..\User\USART3.c(434): error:  #159: declaration is incompatible with previous "Data_Send_Check" (declared at line 401)
..\User\USART3.c(27): warning:  #177-D: variable "count" was declared but never referenced
compiling clock.c...
..\User\USART3.h(53): warning:  #1295-D: Deprecated declaration send_odm_msg - give arg types
..\Mylib\Shoot.h(43): warning:  #1-D: last line of file ends without a newline
..\Mylib\Load_motor.h(19): warning:  #1-D: last line of file ends without a newline
..\User\clock.c(41): warning:  #1035-D: single-precision operand implicitly converted to double-precision
..\User\clock.c(35): warning:  #177-D: variable "i" was declared but never referenced
..\User\clock.c(82): warning:  #1-D: last line of file ends without a newline
compiling imu.c...
..\User\usart3.h(53): warning:  #1295-D: Deprecated declaration send_odm_msg - give arg types
..\User\main.h(21): warning:  #231-D: declaration is not visible outside of function
..\Mylib\Shoot.h(43): warning:  #1-D: last line of file ends without a newline
..\Mylib\Load_motor.h(19): warning:  #1-D: last line of file ends without a newline
..\User\imu.c(253): warning:  #550-D: variable "wz" was set but never used
compiling mpu6050_driver.c...
..\User\usart3.h(53): warning:  #1295-D: Deprecated declaration send_odm_msg - give arg types
..\User\main.h(21): warning:  #231-D: declaration is not visible outside of function
compiling mpu6050_interrupt.c...
..\User\usart3.h(53): warning:  #1295-D: Deprecated declaration send_odm_msg - give arg types
..\User\main.h(21): warning:  #231-D: declaration is not visible outside of function
compiling Chassis_Control.c...
..\User\usart3.h(53): warning:  #1295-D: Deprecated declaration send_odm_msg - give arg types
..\User\main.h(21): warning:  #231-D: declaration is not visible outside of function
..\User\Chassis_Control.c(33): warning:  #1035-D: single-precision operand implicitly converted to double-precision
..\User\Chassis_Control.c(43): warning:  #177-D: variable "yawback" was declared but never referenced
..\User\Chassis_Control.c(121): warning:  #1-D: last line of file ends without a newline
..\User\Chassis_Control.c(74): warning:  #177-D: variable "ky" was declared but never referenced
..\User\Chassis_Control.c(75): warning:  #177-D: variable "yawback" was declared but never referenced
..\User\Chassis_Control.c(75): warning:  #177-D: variable "EK0" was declared but never referenced
compiling Wheel_Speed.c...
..\User\Wheel_Speed.c(22): warning:  #177-D: variable "num" was declared but never referenced
..\User\Wheel_Speed.c(23): warning:  #177-D: variable "i" was declared but never referenced
..\User\Wheel_Speed.c(24): warning:  #177-D: variable "sum" was declared but never referenced
".\Objects\STM32F4.axf" - 27 Errors, 36 Warning(s).
Target not created
Build target 'STM32F4'
compiling main.c...
..\User\USART3.h(53): warning:  #1295-D: Deprecated declaration send_odm_msg - give arg types
..\Mylib\Shoot.h(43): warning:  #1-D: last line of file ends without a newline
..\Mylib\Load_motor.h(19): warning:  #1-D: last line of file ends without a newline
..\User\main.h(21): warning:  #231-D: declaration is not visible outside of function
compiling USART3.c...
..\User\USART3.h(53): warning:  #1295-D: Deprecated declaration send_odm_msg - give arg types
..\User\USART3.c(177): error:  #20: identifier "roll" is undefined
..\User\USART3.c(180): error:  #20: identifier "pitch" is undefined
..\User\USART3.c(214): error:  #20: identifier "ACC_AVG" is undefined
..\User\USART3.c(220): error:  #20: identifier "GYRO_LAST" is undefined
..\User\USART3.c(226): error:  #20: identifier "Yaw_Out" is undefined
..\User\USART3.c(254): error:  #20: identifier "YAW_IN_PID" is undefined
..\User\USART3.c(263): error:  #20: identifier "YAW_OUT_PID" is undefined
..\User\USART3.c(272): error:  #20: identifier "PITCH_IN_PID" is undefined
..\User\USART3.c(333): error:  #20: identifier "RxState" is undefined
..\User\USART3.c(336): error:  #20: identifier "RxBuffer" is undefined
..\User\USART3.c(341): error:  #20: identifier "RxBuffer" is undefined
..\User\USART3.c(346): error:  #20: identifier "RxBuffer" is undefined
..\User\USART3.c(351): error:  #20: identifier "RxBuffer" is undefined
..\User\USART3.c(358): error:  #20: identifier "RxBuffer" is undefined
..\User\USART3.c(365): error:  #20: identifier "RxBuffer" is undefined
..\User\USART3.c(366): warning:  #223-D: function "Data_Receive_Anl" declared implicitly
..\User\USART3.c(373): error:  #159: declaration is incompatible with previous "Data_Receive_Anl" (declared at line 366)
..\User\USART3.c(386): error:  #20: identifier "Send_PID1" is undefined
..\User\USART3.c(387): error:  #20: identifier "Send_PID3" is undefined
..\User\USART3.c(392): error:  #20: identifier "YAW_IN_PID" is undefined
..\User\USART3.c(395): error:  #20: identifier "YAW_OUT_PID" is undefined
..\User\USART3.c(398): error:  #20: identifier "PITCH_IN_PID" is undefined
..\User\USART3.c(405): error:  #20: identifier "PITCH_OUT_PID" is undefined
..\User\USART3.c(413): error:  #20: identifier "Send_Status" is undefined
..\User\USART3.c(413): error:  #20: identifier "Send_Sensor" is undefined
..\User\USART3.c(421): error:  #20: identifier "Send_PID1" is undefined
..\User\USART3.c(427): error:  #20: identifier "Send_PID3" is undefined
..\User\USART3.c(430): warning:  #223-D: function "Data_Send_PID3" declared implicitly
..\User\USART3.c(27): warning:  #177-D: variable "count" was declared but never referenced
compiling clock.c...
..\User\USART3.h(53): warning:  #1295-D: Deprecated declaration send_odm_msg - give arg types
..\Mylib\Shoot.h(43): warning:  #1-D: last line of file ends without a newline
..\Mylib\Load_motor.h(19): warning:  #1-D: last line of file ends without a newline
..\User\clock.c(41): warning:  #1035-D: single-precision operand implicitly converted to double-precision
..\User\clock.c(35): warning:  #177-D: variable "i" was declared but never referenced
..\User\clock.c(82): warning:  #1-D: last line of file ends without a newline
compiling imu.c...
..\User\usart3.h(53): warning:  #1295-D: Deprecated declaration send_odm_msg - give arg types
..\User\main.h(21): warning:  #231-D: declaration is not visible outside of function
..\Mylib\Shoot.h(43): warning:  #1-D: last line of file ends without a newline
..\Mylib\Load_motor.h(19): warning:  #1-D: last line of file ends without a newline
..\User\imu.c(253): warning:  #550-D: variable "wz" was set but never used
compiling mpu6050_driver.c...
..\User\usart3.h(53): warning:  #1295-D: Deprecated declaration send_odm_msg - give arg types
..\User\main.h(21): warning:  #231-D: declaration is not visible outside of function
compiling mpu6050_interrupt.c...
..\User\usart3.h(53): warning:  #1295-D: Deprecated declaration send_odm_msg - give arg types
..\User\main.h(21): warning:  #231-D: declaration is not visible outside of function
compiling Chassis_Control.c...
..\User\usart3.h(53): warning:  #1295-D: Deprecated declaration send_odm_msg - give arg types
..\User\main.h(21): warning:  #231-D: declaration is not visible outside of function
..\User\Chassis_Control.c(33): warning:  #1035-D: single-precision operand implicitly converted to double-precision
..\User\Chassis_Control.c(43): warning:  #177-D: variable "yawback" was declared but never referenced
..\User\Chassis_Control.c(121): warning:  #1-D: last line of file ends without a newline
..\User\Chassis_Control.c(74): warning:  #177-D: variable "ky" was declared but never referenced
..\User\Chassis_Control.c(75): warning:  #177-D: variable "yawback" was declared but never referenced
..\User\Chassis_Control.c(75): warning:  #177-D: variable "EK0" was declared but never referenced
".\Objects\STM32F4.axf" - 26 Errors, 31 Warning(s).
Target not created
Build target 'STM32F4'
compiling main.c...
..\User\USART3.h(53): warning:  #1295-D: Deprecated declaration send_odm_msg - give arg types
..\Mylib\Shoot.h(43): warning:  #1-D: last line of file ends without a newline
..\Mylib\Load_motor.h(19): warning:  #1-D: last line of file ends without a newline
..\User\main.h(21): warning:  #231-D: declaration is not visible outside of function
compiling USART3.c...
..\User\USART3.h(53): warning:  #1295-D: Deprecated declaration send_odm_msg - give arg types
..\User\main.h(21): warning:  #231-D: declaration is not visible outside of function
..\User\USART3.c(260): error:  #20: identifier "YAW_IN_PID" is undefined
..\User\USART3.c(269): error:  #20: identifier "YAW_OUT_PID" is undefined
..\User\USART3.c(278): error:  #20: identifier "PITCH_IN_PID" is undefined
..\User\USART3.c(372): error:  #20: identifier "YAW_IN_PID" is undefined
..\User\USART3.c(375): error:  #20: identifier "YAW_OUT_PID" is undefined
..\User\USART3.c(378): error:  #20: identifier "PITCH_IN_PID" is undefined
..\User\USART3.c(387): error:  #20: identifier "Send_Status" is undefined
..\User\USART3.c(387): error:  #20: identifier "Send_Sensor" is undefined
..\User\USART3.c(404): warning:  #223-D: function "Data_Send_PID3" declared implicitly
..\User\USART3.c(28): warning:  #177-D: variable "count" was declared but never referenced
compiling clock.c...
..\User\USART3.h(53): warning:  #1295-D: Deprecated declaration send_odm_msg - give arg types
..\Mylib\Shoot.h(43): warning:  #1-D: last line of file ends without a newline
..\Mylib\Load_motor.h(19): warning:  #1-D: last line of file ends without a newline
..\User\clock.c(41): warning:  #1035-D: single-precision operand implicitly converted to double-precision
..\User\clock.c(35): warning:  #177-D: variable "i" was declared but never referenced
..\User\clock.c(82): warning:  #1-D: last line of file ends without a newline
compiling imu.c...
..\User\usart3.h(53): warning:  #1295-D: Deprecated declaration send_odm_msg - give arg types
..\User\main.h(21): warning:  #231-D: declaration is not visible outside of function
..\Mylib\Shoot.h(43): warning:  #1-D: last line of file ends without a newline
..\Mylib\Load_motor.h(19): warning:  #1-D: last line of file ends without a newline
..\User\imu.c(253): warning:  #550-D: variable "wz" was set but never used
compiling mpu6050_driver.c...
..\User\usart3.h(53): warning:  #1295-D: Deprecated declaration send_odm_msg - give arg types
..\User\main.h(21): warning:  #231-D: declaration is not visible outside of function
compiling mpu6050_interrupt.c...
..\User\usart3.h(53): warning:  #1295-D: Deprecated declaration send_odm_msg - give arg types
..\User\main.h(21): warning:  #231-D: declaration is not visible outside of function
compiling Chassis_Control.c...
..\User\usart3.h(53): warning:  #1295-D: Deprecated declaration send_odm_msg - give arg types
..\User\main.h(21): warning:  #231-D: declaration is not visible outside of function
..\User\Chassis_Control.c(33): warning:  #1035-D: single-precision operand implicitly converted to double-precision
..\User\Chassis_Control.c(43): warning:  #177-D: variable "yawback" was declared but never referenced
..\User\Chassis_Control.c(121): warning:  #1-D: last line of file ends without a newline
..\User\Chassis_Control.c(74): warning:  #177-D: variable "ky" was declared but never referenced
..\User\Chassis_Control.c(75): warning:  #177-D: variable "yawback" was declared but never referenced
..\User\Chassis_Control.c(75): warning:  #177-D: variable "EK0" was declared but never referenced
".\Objects\STM32F4.axf" - 8 Errors, 31 Warning(s).
Target not created
Build target 'STM32F4'
compiling main.c...
..\User\USART3.h(53): warning:  #1295-D: Deprecated declaration send_odm_msg - give arg types
..\Mylib\Shoot.h(43): warning:  #1-D: last line of file ends without a newline
..\Mylib\Load_motor.h(19): warning:  #1-D: last line of file ends without a newline
..\User\main.h(21): warning:  #231-D: declaration is not visible outside of function
compiling CAN2.c...
..\User\CAN2.c(82): warning:  #177-D: variable "i" was declared but never referenced
compiling USART3.c...
..\User\USART3.h(53): warning:  #1295-D: Deprecated declaration send_odm_msg - give arg types
..\User\main.h(21): warning:  #231-D: declaration is not visible outside of function
..\User\USART3.c(260): error:  #20: identifier "YAW_IN_PID" is undefined
..\User\USART3.c(269): error:  #20: identifier "YAW_OUT_PID" is undefined
..\User\USART3.c(372): error:  #20: identifier "YAW_IN_PID" is undefined
..\User\USART3.c(375): error:  #20: identifier "YAW_OUT_PID" is undefined
..\User\USART3.c(378): error:  #20: identifier "PITCH_IN_PID" is undefined
..\User\USART3.c(387): error:  #20: identifier "Send_Status" is undefined
..\User\USART3.c(387): error:  #20: identifier "Send_Sensor" is undefined
..\User\USART3.c(28): warning:  #177-D: variable "count" was declared but never referenced
compiling clock.c...
..\User\USART3.h(53): warning:  #1295-D: Deprecated declaration send_odm_msg - give arg types
..\Mylib\Shoot.h(43): warning:  #1-D: last line of file ends without a newline
..\Mylib\Load_motor.h(19): warning:  #1-D: last line of file ends without a newline
..\User\clock.c(41): warning:  #1035-D: single-precision operand implicitly converted to double-precision
..\User\clock.c(35): warning:  #177-D: variable "i" was declared but never referenced
..\User\clock.c(82): warning:  #1-D: last line of file ends without a newline
compiling imu.c...
..\User\usart3.h(53): warning:  #1295-D: Deprecated declaration send_odm_msg - give arg types
..\User\main.h(21): warning:  #231-D: declaration is not visible outside of function
..\Mylib\Shoot.h(43): warning:  #1-D: last line of file ends without a newline
..\Mylib\Load_motor.h(19): warning:  #1-D: last line of file ends without a newline
..\User\imu.c(253): warning:  #550-D: variable "wz" was set but never used
compiling Chassis_Control.c...
..\User\usart3.h(53): warning:  #1295-D: Deprecated declaration send_odm_msg - give arg types
..\User\main.h(21): warning:  #231-D: declaration is not visible outside of function
..\User\Chassis_Control.c(33): warning:  #1035-D: single-precision operand implicitly converted to double-precision
..\User\Chassis_Control.c(43): warning:  #177-D: variable "yawback" was declared but never referenced
..\User\Chassis_Control.c(121): warning:  #1-D: last line of file ends without a newline
..\User\Chassis_Control.c(74): warning:  #177-D: variable "ky" was declared but never referenced
..\User\Chassis_Control.c(75): warning:  #177-D: variable "yawback" was declared but never referenced
..\User\Chassis_Control.c(75): warning:  #177-D: variable "EK0" was declared but never referenced
compiling Wheel_Speed.c...
..\User\Wheel_Speed.c(22): warning:  #177-D: variable "num" was declared but never referenced
..\User\Wheel_Speed.c(23): warning:  #177-D: variable "i" was declared but never referenced
..\User\Wheel_Speed.c(24): warning:  #177-D: variable "sum" was declared but never referenced
".\Objects\STM32F4.axf" - 7 Errors, 30 Warning(s).
Target not created
Build target 'STM32F4'
compiling main.c...
..\User\USART3.h(53): warning:  #1295-D: Deprecated declaration send_odm_msg - give arg types
..\Mylib\Shoot.h(43): warning:  #1-D: last line of file ends without a newline
..\Mylib\Load_motor.h(19): warning:  #1-D: last line of file ends without a newline
..\User\main.h(21): warning:  #231-D: declaration is not visible outside of function
compiling CAN2.c...
..\User\CAN2.c(82): warning:  #177-D: variable "i" was declared but never referenced
compiling USART3.c...
..\User\USART3.h(53): warning:  #1295-D: Deprecated declaration send_odm_msg - give arg types
..\User\main.h(21): warning:  #231-D: declaration is not visible outside of function
..\User\USART3.c(378): error:  #20: identifier "PITCH_IN_PID" is undefined
..\User\USART3.c(28): warning:  #177-D: variable "count" was declared but never referenced
compiling clock.c...
..\User\USART3.h(53): warning:  #1295-D: Deprecated declaration send_odm_msg - give arg types
..\Mylib\Shoot.h(43): warning:  #1-D: last line of file ends without a newline
..\Mylib\Load_motor.h(19): warning:  #1-D: last line of file ends without a newline
..\User\clock.c(41): warning:  #1035-D: single-precision operand implicitly converted to double-precision
..\User\clock.c(35): warning:  #177-D: variable "i" was declared but never referenced
..\User\clock.c(82): warning:  #1-D: last line of file ends without a newline
compiling imu.c...
..\User\usart3.h(53): warning:  #1295-D: Deprecated declaration send_odm_msg - give arg types
..\User\main.h(21): warning:  #231-D: declaration is not visible outside of function
..\Mylib\Shoot.h(43): warning:  #1-D: last line of file ends without a newline
..\Mylib\Load_motor.h(19): warning:  #1-D: last line of file ends without a newline
..\User\imu.c(253): warning:  #550-D: variable "wz" was set but never used
compiling mpu6050_driver.c...
..\User\usart3.h(53): warning:  #1295-D: Deprecated declaration send_odm_msg - give arg types
..\User\main.h(21): warning:  #231-D: declaration is not visible outside of function
compiling mpu6050_interrupt.c...
..\User\usart3.h(53): warning:  #1295-D: Deprecated declaration send_odm_msg - give arg types
..\User\main.h(21): warning:  #231-D: declaration is not visible outside of function
compiling Chassis_Control.c...
..\User\usart3.h(53): warning:  #1295-D: Deprecated declaration send_odm_msg - give arg types
..\User\main.h(21): warning:  #231-D: declaration is not visible outside of function
..\User\Chassis_Control.c(33): warning:  #1035-D: single-precision operand implicitly converted to double-precision
..\User\Chassis_Control.c(43): warning:  #177-D: variable "yawback" was declared but never referenced
..\User\Chassis_Control.c(121): warning:  #1-D: last line of file ends without a newline
..\User\Chassis_Control.c(74): warning:  #177-D: variable "ky" was declared but never referenced
..\User\Chassis_Control.c(75): warning:  #177-D: variable "yawback" was declared but never referenced
..\User\Chassis_Control.c(75): warning:  #177-D: variable "EK0" was declared but never referenced
compiling Wheel_Speed.c...
..\User\Wheel_Speed.c(22): warning:  #177-D: variable "num" was declared but never referenced
..\User\Wheel_Speed.c(23): warning:  #177-D: variable "i" was declared but never referenced
..\User\Wheel_Speed.c(24): warning:  #177-D: variable "sum" was declared but never referenced
".\Objects\STM32F4.axf" - 1 Errors, 34 Warning(s).
Target not created
Build target 'STM32F4'
compiling USART3.c...
..\User\USART3.h(53): warning:  #1295-D: Deprecated declaration send_odm_msg - give arg types
..\User\main.h(21): warning:  #231-D: declaration is not visible outside of function
..\User\USART3.c(28): warning:  #177-D: variable "count" was declared but never referenced
linking...
.\Objects\STM32F4.axf: Error: L6218E: Undefined symbol Pid_temp (referred from usart3.o).
.\Objects\STM32F4.axf: Error: L6218E: Undefined symbol send_odm_msg (referred from clock.o).
".\Objects\STM32F4.axf" - 2 Errors, 3 Warning(s).
Target not created
Build target 'STM32F4'
compiling USART3.c...
..\User\USART3.h(53): warning:  #1295-D: Deprecated declaration send_odm_msg - give arg types
..\User\main.h(21): warning:  #231-D: declaration is not visible outside of function
..\User\USART3.c(28): warning:  #177-D: variable "count" was declared but never referenced
linking...
.\Objects\STM32F4.axf: Error: L6218E: Undefined symbol send_odm_msg (referred from clock.o).
".\Objects\STM32F4.axf" - 1 Errors, 3 Warning(s).
Target not created
Build target 'STM32F4'
compiling clock.c...
..\User\USART3.h(53): warning:  #1295-D: Deprecated declaration send_odm_msg - give arg types
..\Mylib\Shoot.h(43): warning:  #1-D: last line of file ends without a newline
..\Mylib\Load_motor.h(19): warning:  #1-D: last line of file ends without a newline
..\User\clock.c(41): warning:  #1035-D: single-precision operand implicitly converted to double-precision
..\User\clock.c(35): warning:  #177-D: variable "i" was declared but never referenced
..\User\clock.c(83): warning:  #1-D: last line of file ends without a newline
linking...
Program Size: Code=27880 RO-data=664 RW-data=292 ZI-data=2428  
".\Objects\STM32F4.axf" - 0 Errors, 6 Warning(s).
Build target 'STM32F4'
compiling main.c...
..\User\USART3.h(53): warning:  #1295-D: Deprecated declaration send_odm_msg - give arg types
..\Mylib\Shoot.h(43): warning:  #1-D: last line of file ends without a newline
..\Mylib\Load_motor.h(19): warning:  #1-D: last line of file ends without a newline
..\User\main.h(21): warning:  #231-D: declaration is not visible outside of function
compiling USART3.c...
..\User\USART3.h(53): warning:  #1295-D: Deprecated declaration send_odm_msg - give arg types
..\User\main.h(21): warning:  #231-D: declaration is not visible outside of function
..\User\USART3.c(28): warning:  #177-D: variable "count" was declared but never referenced
compiling clock.c...
..\User\USART3.h(53): warning:  #1295-D: Deprecated declaration send_odm_msg - give arg types
..\Mylib\Shoot.h(43): warning:  #1-D: last line of file ends without a newline
..\Mylib\Load_motor.h(19): warning:  #1-D: last line of file ends without a newline
..\User\clock.c(41): warning:  #1035-D: single-precision operand implicitly converted to double-precision
..\User\clock.c(35): warning:  #177-D: variable "i" was declared but never referenced
..\User\clock.c(83): warning:  #1-D: last line of file ends without a newline
compiling imu.c...
..\User\usart3.h(53): warning:  #1295-D: Deprecated declaration send_odm_msg - give arg types
..\User\main.h(21): warning:  #231-D: declaration is not visible outside of function
..\Mylib\Shoot.h(43): warning:  #1-D: last line of file ends without a newline
..\Mylib\Load_motor.h(19): warning:  #1-D: last line of file ends without a newline
..\User\imu.c(253): warning:  #550-D: variable "wz" was set but never used
compiling mpu6050_driver.c...
..\User\usart3.h(53): warning:  #1295-D: Deprecated declaration send_odm_msg - give arg types
..\User\main.h(21): warning:  #231-D: declaration is not visible outside of function
compiling mpu6050_interrupt.c...
..\User\usart3.h(53): warning:  #1295-D: Deprecated declaration send_odm_msg - give arg types
..\User\main.h(21): warning:  #231-D: declaration is not visible outside of function
compiling Chassis_Control.c...
..\User\usart3.h(53): warning:  #1295-D: Deprecated declaration send_odm_msg - give arg types
..\User\main.h(21): warning:  #231-D: declaration is not visible outside of function
..\User\Chassis_Control.c(33): warning:  #1035-D: single-precision operand implicitly converted to double-precision
..\User\Chassis_Control.c(43): warning:  #177-D: variable "yawback" was declared but never referenced
..\User\Chassis_Control.c(121): warning:  #1-D: last line of file ends without a newline
..\User\Chassis_Control.c(74): warning:  #177-D: variable "ky" was declared but never referenced
..\User\Chassis_Control.c(75): warning:  #177-D: variable "yawback" was declared but never referenced
..\User\Chassis_Control.c(75): warning:  #177-D: variable "EK0" was declared but never referenced
linking...
Program Size: Code=27880 RO-data=664 RW-data=292 ZI-data=2428  
".\Objects\STM32F4.axf" - 0 Errors, 30 Warning(s).
Build target 'STM32F4'
compiling main.c...
..\User\USART3.h(53): warning:  #1295-D: Deprecated declaration send_odm_msg - give arg types
..\Mylib\Shoot.h(43): warning:  #1-D: last line of file ends without a newline
..\Mylib\Load_motor.h(19): warning:  #1-D: last line of file ends without a newline
..\User\main.h(21): warning:  #231-D: declaration is not visible outside of function
compiling USART3.c...
..\User\USART3.h(53): warning:  #1295-D: Deprecated declaration send_odm_msg - give arg types
..\User\main.h(21): warning:  #231-D: declaration is not visible outside of function
..\User\USART3.c(28): warning:  #177-D: variable "count" was declared but never referenced
compiling clock.c...
..\User\USART3.h(53): warning:  #1295-D: Deprecated declaration send_odm_msg - give arg types
..\Mylib\Shoot.h(43): warning:  #1-D: last line of file ends without a newline
..\Mylib\Load_motor.h(19): warning:  #1-D: last line of file ends without a newline
..\User\clock.c(41): warning:  #1035-D: single-precision operand implicitly converted to double-precision
..\User\clock.c(35): warning:  #177-D: variable "i" was declared but never referenced
..\User\clock.c(83): warning:  #1-D: last line of file ends without a newline
compiling imu.c...
..\User\usart3.h(53): warning:  #1295-D: Deprecated declaration send_odm_msg - give arg types
..\User\main.h(21): warning:  #231-D: declaration is not visible outside of function
..\Mylib\Shoot.h(43): warning:  #1-D: last line of file ends without a newline
..\Mylib\Load_motor.h(19): warning:  #1-D: last line of file ends without a newline
..\User\imu.c(253): warning:  #550-D: variable "wz" was set but never used
compiling mpu6050_driver.c...
..\User\usart3.h(53): warning:  #1295-D: Deprecated declaration send_odm_msg - give arg types
..\User\main.h(21): warning:  #231-D: declaration is not visible outside of function
compiling mpu6050_interrupt.c...
..\User\usart3.h(53): warning:  #1295-D: Deprecated declaration send_odm_msg - give arg types
..\User\main.h(21): warning:  #231-D: declaration is not visible outside of function
compiling Chassis_Control.c...
..\User\usart3.h(53): warning:  #1295-D: Deprecated declaration send_odm_msg - give arg types
..\User\main.h(21): warning:  #231-D: declaration is not visible outside of function
..\User\Chassis_Control.c(33): warning:  #1035-D: single-precision operand implicitly converted to double-precision
..\User\Chassis_Control.c(43): warning:  #177-D: variable "yawback" was declared but never referenced
..\User\Chassis_Control.c(121): warning:  #1-D: last line of file ends without a newline
..\User\Chassis_Control.c(74): warning:  #177-D: variable "ky" was declared but never referenced
..\User\Chassis_Control.c(75): warning:  #177-D: variable "yawback" was declared but never referenced
..\User\Chassis_Control.c(75): warning:  #177-D: variable "EK0" was declared but never referenced
linking...
Program Size: Code=27872 RO-data=664 RW-data=292 ZI-data=2428  
".\Objects\STM32F4.axf" - 0 Errors, 30 Warning(s).
Build target 'STM32F4'
compiling USART3.c...
..\User\USART3.h(53): warning:  #1295-D: Deprecated declaration send_odm_msg - give arg types
..\User\main.h(21): warning:  #231-D: declaration is not visible outside of function
..\User\USART3.c(28): warning:  #177-D: variable "count" was declared but never referenced
linking...
Program Size: Code=27872 RO-data=664 RW-data=292 ZI-data=2428  
".\Objects\STM32F4.axf" - 0 Errors, 3 Warning(s).
Build target 'STM32F4'
compiling USART3.c...
..\User\USART3.h(53): warning:  #1295-D: Deprecated declaration send_odm_msg - give arg types
..\User\main.h(21): warning:  #231-D: declaration is not visible outside of function
..\User\USART3.c(28): warning:  #177-D: variable "count" was declared but never referenced
linking...
Program Size: Code=27872 RO-data=664 RW-data=292 ZI-data=2428  
".\Objects\STM32F4.axf" - 0 Errors, 3 Warning(s).
